Gerando arquivo de dados com 500 pontos...
Arquivo './datasets/dataset_500.csv' gerado com 500 pontos.
Gerando arquivo de dados com 1000 pontos...
Arquivo './datasets/dataset_1000.csv' gerado com 1000 pontos.
Gerando arquivo de dados com 10000 pontos...
Arquivo './datasets/dataset_10000.csv' gerado com 10000 pontos.
Gerando arquivo de dados com 100000 pontos...
Arquivo './datasets/dataset_100000.csv' gerado com 100000 pontos.
Execução Sequencial - Dataset com 500 pontos (Execução 1)...
Execução Sequencial - Dataset com 500 pontos (Execução 2)...
Execução Sequencial - Dataset com 500 pontos (Execução 3)...
Execução Sequencial - Dataset com 500 pontos (Execução 4)...
Execução Sequencial - Dataset com 500 pontos (Execução 5)...
Execução Sequencial - Dataset com 1000 pontos (Execução 1)...
Execução Sequencial - Dataset com 1000 pontos (Execução 2)...
Execução Sequencial - Dataset com 1000 pontos (Execução 3)...
Execução Sequencial - Dataset com 1000 pontos (Execução 4)...
Execução Sequencial - Dataset com 1000 pontos (Execução 5)...
Execução Sequencial - Dataset com 10000 pontos (Execução 1)...
Execução Sequencial - Dataset com 10000 pontos (Execução 2)...
Execução Sequencial - Dataset com 10000 pontos (Execução 3)...
Execução Sequencial - Dataset com 10000 pontos (Execução 4)...
Execução Sequencial - Dataset com 10000 pontos (Execução 5)...
Execução Sequencial - Dataset com 100000 pontos (Execução 1)...
Execução Sequencial - Dataset com 100000 pontos (Execução 2)...
Execução Sequencial - Dataset com 100000 pontos (Execução 3)...
Execução Sequencial - Dataset com 100000 pontos (Execução 4)...
Execução Sequencial - Dataset com 100000 pontos (Execução 5)...
Execução Concorrente - Dataset com 500 pontos e 1 threads (Execução 1)...
Execução Concorrente - Dataset com 500 pontos e 1 threads (Execução 2)...
Execução Concorrente - Dataset com 500 pontos e 1 threads (Execução 3)...
Execução Concorrente - Dataset com 500 pontos e 1 threads (Execução 4)...
Execução Concorrente - Dataset com 500 pontos e 1 threads (Execução 5)...
Execução Concorrente - Dataset com 1000 pontos e 1 threads (Execução 1)...
Execução Concorrente - Dataset com 1000 pontos e 1 threads (Execução 2)...
Execução Concorrente - Dataset com 1000 pontos e 1 threads (Execução 3)...
Execução Concorrente - Dataset com 1000 pontos e 1 threads (Execução 4)...
Execução Concorrente - Dataset com 1000 pontos e 1 threads (Execução 5)...
Execução Concorrente - Dataset com 10000 pontos e 1 threads (Execução 1)...
Execução Concorrente - Dataset com 10000 pontos e 1 threads (Execução 2)...
Execução Concorrente - Dataset com 10000 pontos e 1 threads (Execução 3)...
Execução Concorrente - Dataset com 10000 pontos e 1 threads (Execução 4)...
Execução Concorrente - Dataset com 10000 pontos e 1 threads (Execução 5)...
Execução Concorrente - Dataset com 100000 pontos e 1 threads (Execução 1)...
Execução Concorrente - Dataset com 100000 pontos e 1 threads (Execução 2)...
Execução Concorrente - Dataset com 100000 pontos e 1 threads (Execução 3)...
Execução Concorrente - Dataset com 100000 pontos e 1 threads (Execução 4)...
Execução Concorrente - Dataset com 100000 pontos e 1 threads (Execução 5)...
Execução Concorrente - Dataset com 500 pontos e 2 threads (Execução 1)...
Execução Concorrente - Dataset com 500 pontos e 2 threads (Execução 2)...
Execução Concorrente - Dataset com 500 pontos e 2 threads (Execução 3)...
Execução Concorrente - Dataset com 500 pontos e 2 threads (Execução 4)...
Execução Concorrente - Dataset com 500 pontos e 2 threads (Execução 5)...
Execução Concorrente - Dataset com 1000 pontos e 2 threads (Execução 1)...
Execução Concorrente - Dataset com 1000 pontos e 2 threads (Execução 2)...
Execução Concorrente - Dataset com 1000 pontos e 2 threads (Execução 3)...
Execução Concorrente - Dataset com 1000 pontos e 2 threads (Execução 4)...
Execução Concorrente - Dataset com 1000 pontos e 2 threads (Execução 5)...
Execução Concorrente - Dataset com 10000 pontos e 2 threads (Execução 1)...
Execução Concorrente - Dataset com 10000 pontos e 2 threads (Execução 2)...
Execução Concorrente - Dataset com 10000 pontos e 2 threads (Execução 3)...
Execução Concorrente - Dataset com 10000 pontos e 2 threads (Execução 4)...
Execução Concorrente - Dataset com 10000 pontos e 2 threads (Execução 5)...
Execução Concorrente - Dataset com 100000 pontos e 2 threads (Execução 1)...
Execução Concorrente - Dataset com 100000 pontos e 2 threads (Execução 2)...
Execução Concorrente - Dataset com 100000 pontos e 2 threads (Execução 3)...
Execução Concorrente - Dataset com 100000 pontos e 2 threads (Execução 4)...
Execução Concorrente - Dataset com 100000 pontos e 2 threads (Execução 5)...
Execução Concorrente - Dataset com 500 pontos e 4 threads (Execução 1)...
Execução Concorrente - Dataset com 500 pontos e 4 threads (Execução 2)...
Execução Concorrente - Dataset com 500 pontos e 4 threads (Execução 3)...
Execução Concorrente - Dataset com 500 pontos e 4 threads (Execução 4)...
Execução Concorrente - Dataset com 500 pontos e 4 threads (Execução 5)...
Execução Concorrente - Dataset com 1000 pontos e 4 threads (Execução 1)...
Execução Concorrente - Dataset com 1000 pontos e 4 threads (Execução 2)...
Execução Concorrente - Dataset com 1000 pontos e 4 threads (Execução 3)...
Execução Concorrente - Dataset com 1000 pontos e 4 threads (Execução 4)...
Execução Concorrente - Dataset com 1000 pontos e 4 threads (Execução 5)...
Execução Concorrente - Dataset com 10000 pontos e 4 threads (Execução 1)...
Execução Concorrente - Dataset com 10000 pontos e 4 threads (Execução 2)...
Execução Concorrente - Dataset com 10000 pontos e 4 threads (Execução 3)...
Execução Concorrente - Dataset com 10000 pontos e 4 threads (Execução 4)...
Execução Concorrente - Dataset com 10000 pontos e 4 threads (Execução 5)...
Execução Concorrente - Dataset com 100000 pontos e 4 threads (Execução 1)...
Execução Concorrente - Dataset com 100000 pontos e 4 threads (Execução 2)...
Execução Concorrente - Dataset com 100000 pontos e 4 threads (Execução 3)...
Execução Concorrente - Dataset com 100000 pontos e 4 threads (Execução 4)...
Execução Concorrente - Dataset com 100000 pontos e 4 threads (Execução 5)...
Execução Concorrente - Dataset com 500 pontos e 8 threads (Execução 1)...
Execução Concorrente - Dataset com 500 pontos e 8 threads (Execução 2)...
Execução Concorrente - Dataset com 500 pontos e 8 threads (Execução 3)...
Execução Concorrente - Dataset com 500 pontos e 8 threads (Execução 4)...
Execução Concorrente - Dataset com 500 pontos e 8 threads (Execução 5)...
Execução Concorrente - Dataset com 1000 pontos e 8 threads (Execução 1)...
Execução Concorrente - Dataset com 1000 pontos e 8 threads (Execução 2)...
Execução Concorrente - Dataset com 1000 pontos e 8 threads (Execução 3)...
Execução Concorrente - Dataset com 1000 pontos e 8 threads (Execução 4)...
Execução Concorrente - Dataset com 1000 pontos e 8 threads (Execução 5)...
Execução Concorrente - Dataset com 10000 pontos e 8 threads (Execução 1)...
Execução Concorrente - Dataset com 10000 pontos e 8 threads (Execução 2)...
Execução Concorrente - Dataset com 10000 pontos e 8 threads (Execução 3)...
Execução Concorrente - Dataset com 10000 pontos e 8 threads (Execução 4)...
Execução Concorrente - Dataset com 10000 pontos e 8 threads (Execução 5)...
Execução Concorrente - Dataset com 100000 pontos e 8 threads (Execução 1)...
Execução Concorrente - Dataset com 100000 pontos e 8 threads (Execução 2)...
Execução Concorrente - Dataset com 100000 pontos e 8 threads (Execução 3)...
Execução Concorrente - Dataset com 100000 pontos e 8 threads (Execução 4)...
Execução Concorrente - Dataset com 100000 pontos e 8 threads (Execução 5)...
Geração de dados para testes concluída.
